12
42
69
9
28
18
28
18
28
2
0
8
0
0
28
4
0
16
6
168
6
168
2
16
0
11
5
129
2
96
2
66
2
179
2
179
2
179
33
17
4
3
196
172
12
2
12
1
12
1
16
137
7
1
2
1
2
1
2
1
2
1
2
1
19
174
10
122
10
122
7
155
74
145
19
50
19
50
19
50
28
83
28
83
63
83
5
134
39
3
39
3
2
1
2
1
2
0
2
0
2
0
2
0
2
0
2
0
5
2
5
1
2
1
2
1
12
1
12
1
19
6
35
50
35
50
35
50
35
50
35
50
12
11
19
135
19
23
19
23
19
23
19
23
19
23
19
23
19
23
59
24
88
110
3
68
2
2
5
5
28
74
28
74
88
137
196
165
7
90
3
1
3
1
3
1
0
47
0
47
29
96
1
1
49
32
2
4
108
200
108
200
10
200
10
200
10
200
71
75
71
75
88
162
88
162
16
4
16
4
5
2
5
2
0
0
3
1
3
1
49
52
12
93
29
20
68
59
21
21
3
3
3
3
27
40
16
6
16
6
88
91
88
91
84
66
84
66
84
26
51
34
237
237
0
0
0
0
0
0
6
32
1
25
1
25
0
15
0
15
0
15
0
15
19
8
0
12
0
12
0
12
0
12
0
12
0
12
19
134
19
134
6
92
1
0
3
6
3
1
1
0
0
0
0
0
3
0
1
0
0
30
19
6
17
2
73
28
1
0
8
57
4
82
4
82
1
1
1
1
2
13
2
13
196
101
3
43
5
1
5
1
3
45
19
97
19
97
7
72
7
72
65
18
36
3
13
4
24
15
21
24
1
2
4
7
2
1
0
0
12
19
0
0
0
0
0
0
0
0
0
0
0
0
0
0
0
0
0
0
0
1
0
1
0
0
0
0
0
0
2
2
2
2
0
0
6
0
8
10
8
2
0
0
0
0
2
8
0
3
0
3
0
9
0
9
0
9
6
14
6
7
0
0
0
7
0
0
9
16
2
11
1
1
1
1
1
1
8
12
0
0
17
19
17
11
17
11
1
2
0
0
0
0
0
3
7
7
10
0
10
0
0
0
0
0
2
4
0
0
0
0
7
1
7
1
0
0
0
0
0
0
0
0
0
0
1
0
1
0
0
0
5
0
5
0
1
1
1
1
8
21
8
21
0
0
0
0
0
0
0
0
0
0
1
0
0
0
0
0
0
0
0
0
0
0
0
0
0
0
2
2
10
20
10
20
0
0
0
0
0
0
16
1
1
1
14
17
7
5
5
3
2
4
1
0
0
2
0
2
0
2
2
0
0
0
0
0
0
0
0
0
0
0
0
0
0
0
0
0
0
0
0
0
0
0
0
0
0
0
0
0
0
0
1
0
1
0
0
0
1
0
0
0
1
0
0
0
0
0
0
0
0
0
0
0
0
0
0
0
0
0
20
5
0
0
0
0
0
0
0
0
0
0
0
0
0
0
0
0
0
0
0
0
0
0
0
0
0
0
0
0
0
0
0
0
0
0
0
0
0
0
0
0
0
0
7
6
7
6
7
0
5
2
20
11
1
2
5
11
5
11
5
11
5
11
3
1
3
1
2
0
7
4
5
20
5
20
5
20
6
5
7
6
11
6
7
3
6
7
5
7
0
0
0
0
0
2
0
0
0
0
0
0
0
0
1
1
1
1
7
6
6
1
0
0
0
0
0
0
0
0
1
1
0
11
0
11
0
0
0
0
0
0
0
0
1
11
0
1
10
2
0
0
0
0
8
2
1
0
0
0
0
0
0
0
0
0
0
0
0
0
0
0
0
0
0
0
0
0
0
0
0
0
0
0
0
0
0
0
0
0
0
0
0
0
0
0
0
0
0
0
0
0
3
3
0
0
0
1
0
0
0
0
0
0
0
0
0
1
0
0
0
0
0
0
0
0
0
0
10
5
2
1
8
6
0
0
0
0
0
0
0
0
0
0
0
0
0
0
0
0
0
0
0
0
0
0
0
0
0
0
0
0
0
0
1
7
0
0
0
0
0
0
2
3
2
3
0
0
8
17
8
17
0
1
2
2
2
2
7
11
13
11
2
2
2
2
0
0
0
0
0
0
0
0
0
12
15
9
0
0
0
0
0
0
0
0
0
0
0
0
0
0
0
0
1
0
1
0
1
0
0
1
0
1
0
1
6
20
6
20
0
0
0
0
0
0
0
0
24
1
24
1
3
1
1
1
0
0
0
0
0
0
0
0
12
10
0
6
4
1
1
2
0
0
1
0
2
0
1
0
1
0
21
6
21
6
21
6
196
0
196
0
1
1
1
1
7
0
1
0
1
0
1
0
1
0
0
0
2
0
2
0
1
0
1
0
0
0
0
0
5
0
0
0
7
2
1
0
1
0
1
0
1
0
0
0
1
0
0
0
0
0
0
0
0
0
1
0
1
0
1
0
0
0
1
0
1
0
0
0
0
0
0
0
0
0
0
0
0
0
0
0
0
0
0
0
0
0
0
0
0
0
0
0
2
3
2
3
2
3
8
9
0
0
0
0
0
0
0
0
3
0
0
0
0
0
0
0
0
0
0
0
0
0
0
0
0
0
0
0
0
0
0
0
0
0
0
0
0
0
3
2
4
5
0
0
0
0
0
1
1
0
1
0
1
0
1
0
1
0
0
0
7
2
7
2
7
2
7
2
6
0
10
1
0
0
0
5
0
0
9
14
9
14
9
4
0
0
0
0
0
0
10
4
0
0
0
0
7
0
7
0
7
0
0
0
0
0
0
1
0
1
3
0
3
14
3
14
3
14
3
14
5
2
8
13
4
4
2
2
10
3
9
0
9
0
9
0
9
0
9
0
9
0
3
0
7
8
7
8
7
5
7
4
7
4
6
0
6
0
6
0
6
0
6
0
6
0
11
5
1
1
7
5
42
12
2
0
7
19
2
2
10
7
10
7
10
18
10
18
5
2
2
0
2
0
71
0
0
0
3
4
3
4
7
7
7
12
1
0
0
0
2
0
0
0
0
0
0
0
0
0
0
0
0
0
0
0
0
0
1
1
0
0
0
0
0
0
2
1
3
1
2
0
9
7
1
0
1
2
0
3
2
1
2
1
2
1
2
1
2
1
2
1
2
1
2
6
2
6
2
6
2
6
2
6
2
6
2
6
0
0
3
2
0
1
0
1
0
0
0
0
0
0
0
0
0
0
0
0
0
0
0
0
0
0
0
0
0
0
0
0
0
0
0
0
0
0
1
0
1
0
1
0
1
0
1
0
1
0
1
0
1
0
0
0
0
0
0
0
0
0
0
0
0
0
0
0
0
0
0
0
0
0
0
0
0
0
0
0
0
0
0
0
1
1
1
0
23
14
14
5
0
1
0
1
0
3
0
3
11
22
11
22
1
17
1
17
0
0
10
4
3
0
10
8
9
17
11
1
4
2
4
1
4
3
0
0
0
0
16
18
0
0
0
0
0
0
0
0
0
0
15
14
15
14
14
1
0
0
0
0
0
0
0
0
0
0
0
0
0
0
2
1
0
0
3
1
11
28
11
28
16
20
24
22
19
7
2
6
2
6
5
0
9
23
9
23
15
21
0
1
0
0
0
0
8
9
14
9
14
6
0
0
2
1
18
9
14
0
10
14
2
9
0
0
0
0
7
7
7
7
0
0
0
0
0
0
11
1
20
5
20
5
20
5
20
5
9
3
9
3
0
0
0
0
14
10
8
11
0
0
0
1
0
0
0
0
1
2
1
2
1
2
1
2
1
2
1
2
0
0
0
0
1
1
1
1
1
0
0
0
0
0
0
0
0
0
0
0
0
0
1
12
1
10
0
0
15
8
15
8
0
0
17
1
0
0
0
0
0
0
17
20
0
2
0
2
0
7
1
0
1
2
0
0
0
0
0
0
0
0
0
0
1
0
8
1
11
5
5
11
2
0
11
10
11
10
0
5
11
1
11
1
4
1
0
0
0
0
0
0
0
0
0
0
13
1
11
5
11
5
9
4
9
7
88
9
0
2
0
0
0
0
0
0
0
0
0
0
0
0
0
0
0
0
0
0
3
13
1
9
1
9
0
0
0
0
0
0
0
0
0
0
5
0
5
0
0
0
0
0
0
0
0
0
5
9
5
5
5
5
1
2
0
0
21
8
5
1
5
1
5
4
5
4
2
1
4
4
0
0
0
0
1
0
1
1
1
0
0
0
25
29
1
0
7
8
3
11
2
6
3
2
3
2
23
24
1
1
0
0
0
0
0
0
0
0
0
0
0
0
1
1
1
1
3
0
0
5
0
3
10
0
10
0
12
22
12
22
12
22
1
7
1
7
1
7
0
10
0
10
2
0
2
0
7
9
3
1
7
3
2
1
3
0
14
37
14
37
14
37
14
37
12
9
12
11
12
1
0
0
0
0
7
1
7
1
7
4
7
4
7
4
2
0
0
0
0
0
0
0
8
23
0
9
0
9
1
0
1
0
7
5
7
5
7
5
7
5
1
0
196
2
196
2
196
2
2
0
2
0
2
0
12
3
1
3
1
0
1
0
1
0
1
0
1
0
1
0
0
1
0
0
0
0
0
0
0
1
0
1
4
0
4
7
4
0
0
0
0
0
1
1
1
1
0
0
0
0
0
0
0
0
0
2
0
0
0
0
0
0
0
3
0
0
0
0
0
0
0
0
0
0
0
0
0
0
0
0
1
2
1
0
0
3
0
0
0
0
3
1
0
0
0
0
0
0
0
0
0
0
0
0
0
0
0
0
0
0
5
3
0
1
0
0
0
0
0
0
0
0
0
0
0
0
3
0
0
0
0
0
0
0
0
0
0
0
0
0
0
0
0
0
1
0
1
0
1
0
1
0
1
0
0
0
0
0
0
0
0
0
0
0
0
0
2
0
0
0
0
0
4
0
0
0
0
0
0
0
0
0
0
0
0
0
0
0
0
0
0
0
0
0
0
0
0
0
0
0
7
2
3
2
2
3
1
0
1
1
7
4
9
4
11
6
2
2
1
0
2
3
0
0
0
0
2
4
2
4
2
0
6
2
5
2
5
2
0
1
0
0
15
4
15
4
2
3
2
0
4
4
0
4
1
0
2
1
0
0
0
0
0
0
0
0
0
2
0
0
1
0
0
2
0
2
3
0
0
0
0
1
1
0
10
1
0
0
0
0
0
0
0
0
0
0
1
0
2
3
1
0
1
0
1
0
1
0
1
0
0
13
0
13
3
6
0
0
17
2
17
9
12
12
0
0
0
0
0
0
17
9
17
9
7
4
0
1
0
0
0
0
0
5
0
5
0
0
0
0
0
0
0
0
0
0
0
0
0
0
0
0
0
0
0
0
0
0
0
0
0
0
10
1
5
2
0
0
0
0
0
0
0
0
0
0
0
0
0
0
0
0
0
0
0
0
0
0
0
0
1
0
1
3
0
0
0
0
0
0
0
0
0
0
0
0
0
0
0
0
1
1
0
0
0
0
1
0
0
0
0
0
1
0
4
1
0
4
0
4
0
3
0
0
0
0
0
0
0
1
0
1
0
1
0
1
0
0
0
0
0
0
0
0
0
3
0
0
0
0
0
0
0
0
3
3
1
2
0
0
0
0
0
0
0
0
0
0
0
0
0
0
0
0
0
0
0
0
0
0
0
0
4
10
0
0
0
0
6
5
6
5
1
4
1
4
7
6
7
0
6
19
28
8
15
8
15
8
22
15
1
0
1
0
1
8
1
8
6
17
6
17
25
17
25
17
8
7
1
1
1
1
1
1
8
7
8
8
4
9
4
9
4
2
18
13
8
2
2
1
7
3
19
12
1
12
0
2
0
2
0
2
0
2
0
2
0
0
0
0
3
1
0
0
0
0
0
0
6
8
6
8
0
0
0
2
0
0
0
0
0
0
0
0
0
0
0
0
0
0
0
0
0
0
0
0
0
0
0
0
0
0
1
1
1
1
0
0
0
0
4
0
0
0
0
1
11
9
3
3
6
4
3
4
0
0
3
1
8
7
0
0
0
0
5
1
3
2
1
0
0
0
3
16
0
1
10
1
0
0
0
0
