85
138
109
14
61
33
61
33
44
2
0
11
0
0
61
15
3
42
28
289
28
289
6
24
0
12
39
230
17
163
17
115
17
303
17
303
17
303
33
17
4
3
286
270
12
2
12
1
12
1
22
200
11
1
3
1
3
1
3
1
3
1
3
1
92
337
51
183
51
183
33
241
86
200
19
65
19
65
19
65
61
167
61
167
167
167
34
225
48
4
48
4
3
1
3
1
3
0
3
0
3
0
3
0
3
0
3
0
7
2
7
1
3
1
3
1
12
1
12
1
19
6
42
62
42
62
42
62
42
62
42
62
12
11
93
284
20
25
20
25
20
25
20
25
20
25
20
25
20
25
64
29
260
242
59
188
2
2
12
12
61
143
61
143
260
290
286
245
9
120
4
1
4
1
4
1
0
53
0
53
29
113
1
1
54
37
2
4
300
336
300
336
99
336
99
336
99
336
166
106
166
106
260
274
260
274
48
5
48
5
12
4
12
4
0
0
4
1
4
1
54
66
76
226
29
25
75
61
25
22
3
3
3
3
99
58
20
15
20
15
260
156
260
156
235
112
235
112
235
72
59
55
351
473
35
5
35
5
0
0
43
176
32
54
32
54
25
58
25
58
25
58
25
58
109
55
4
62
4
62
4
62
4
62
4
62
4
62
92
425
92
425
49
280
32
24
72
84
61
20
3
2
4
1
4
1
37
7
11
7
15
149
19
6
51
5
152
53
5
6
15
122
31
182
31
182
5
15
5
15
6
21
6
21
286
205
59
160
12
3
12
3
47
152
92
242
92
242
33
169
33
169
84
41
106
13
23
13
68
197
77
234
5
8
76
239
44
35
20
24
73
160
100
52
77
52
77
52
31
4
10
4
31
9
31
4
15
26
1
3
4
3
4
3
4
5
5
5
1
10
20
58
20
58
5
3
139
25
64
134
56
17
11
1
11
1
38
146
38
132
38
132
2
237
2
237
2
237
61
232
66
102
0
4
38
131
10
72
152
243
94
199
22
56
22
56
22
56
227
286
8
5
48
229
48
218
48
218
22
12
50
13
50
13
23
83
47
77
95
10
95
10
12
2
12
2
32
91
167
93
5
3
47
34
47
34
136
34
0
11
0
11
0
11
25
10
52
5
52
5
4
3
69
9
69
9
22
19
22
19
76
215
76
215
2
11
5
1
5
1
30
90
30
90
87
43
1
6
2
1
0
1
0
1
5
2
0
0
0
0
6
35
28
203
28
203
13
7
2
1
2
1
207
33
12
12
202
238
146
170
134
143
93
91
195
66
2
163
2
163
2
163
16
10
11
12
1
2
1
2
1
2
1
2
1
2
1
2
1
2
1
2
1
2
1
2
1
2
51
28
8
5
2
1
17
19
17
19
40
26
17
21
10
10
45
26
35
21
4
0
4
0
4
0
4
0
10
3
25
40
46
33
266
197
39
4
39
4
39
4
39
4
68
45
2
1
2
1
17
54
17
54
17
54
17
54
17
54
17
54
17
54
5
5
5
3
5
2
5
2
5
8
0
0
0
0
89
214
89
214
193
173
20
23
282
273
15
27
85
251
85
251
85
251
85
251
16
134
16
134
166
41
89
113
34
376
34
376
34
376
95
247
29
152
156
187
89
202
95
225
34
225
13
4
24
4
10
23
3
14
30
127
100
55
100
55
18
41
18
41
107
98
90
74
4
16
4
16
0
0
0
0
53
38
42
200
42
200
0
10
0
10
4
44
4
16
15
126
2
20
237
80
4
2
4
2
57
24
97
43
21
13
21
13
21
13
21
13
21
13
21
13
21
13
21
13
21
15
21
15
81
20
81
20
8
3
8
3
36
24
2
2
41
162
42
45
3
0
3
0
3
0
3
0
109
106
77
50
68
53
0
1
0
1
13
8
13
1
24
21
0
0
4
2
4
2
4
1
15
16
115
114
20
23
109
119
28
8
9
7
9
7
9
13
23
16
10
4
23
6
23
43
23
43
23
43
23
43
23
43
0
0
0
0
0
0
57
108
24
23
24
23
24
20
69
87
69
87
3
2
95
182
95
182
28
32
32
19
32
69
83
75
98
75
10
2
10
2
0
0
0
0
0
0
0
0
14
71
54
74
3
2
4
2
4
1
4
1
0
0
0
0
0
0
0
0
5
5
5
5
5
5
2
13
2
13
2
13
53
106
53
106
78
81
73
54
3
3
0
4
32
1
32
1
10
7
15
10
2
0
2
0
3
0
3
0
32
80
2
29
21
6
4
3
2
0
12
3
27
10
5
1
5
1
151
62
151
62
151
62
286
16
286
16
5
27
5
21
70
7
41
0
41
0
4
1
4
1
1
1
10
9
8
3
4
1
31
1
1
1
5
5
81
20
0
0
70
42
41
11
30
0
39
7
41
11
0
0
5
3
0
0
2
5
3
4
3
2
1
0
1
0
1
0
0
0
1
5
1
5
1
1
1
0
1
0
2
2
0
0
2
0
2
0
2
0
0
0
3
1
3
1
0
0
3
1
16
9
16
9
16
9
39
43
2
6
2
1
2
0
2
0
28
3
0
0
0
0
0
0
0
0
0
0
0
0
0
0
0
0
0
0
0
0
0
0
0
0
0
0
0
0
6
5
13
13
0
0
0
0
0
13
10
0
10
0
10
0
10
0
10
0
0
0
8
2
8
2
8
2
8
2
34
8
37
5
9
1
9
19
9
0
22
60
22
60
22
34
2
1
0
0
0
0
28
6
0
0
0
0
8
0
8
0
8
0
1
1
1
0
0
2
0
2
18
0
16
31
16
31
16
31
16
31
8
2
76
69
22
22
16
16
26
21
22
0
22
0
22
0
22
0
22
0
22
0
16
12
29
60
29
60
29
26
30
28
30
28
13
0
13
0
13
0
13
0
13
0
13
0
38
34
5
6
30
30
138
85
6
0
33
92
6
4
99
34
99
34
96
87
96
87
20
16
6
1
6
1
166
20
1
0
16
52
16
52
45
62
36
71
5
18
1
0
24
7
0
0
1
0
1
0
1
0
1
0
1
0
1
0
1
0
5
1
0
0
6
5
4
1
10
3
16
18
17
1
30
79
11
4
50
36
4
20
2
2
2
2
2
2
2
2
2
2
2
1
2
1
2
9
2
9
2
9
2
9
2
9
2
9
2
9
1
0
8
8
1
5
1
5
0
0
1
0
1
0
1
0
1
0
1
0
1
0
1
0
1
0
1
0
1
0
0
0
0
0
0
0
3
2
3
0
3
0
3
0
3
0
3
0
3
0
3
0
3
0
0
0
0
0
0
0
0
0
0
0
0
0
0
0
0
0
0
0
0
0
0
0
0
0
0
0
0
0
6
6
3
4
3
10
94
65
54
38
1
3
1
3
4
11
4
11
95
102
95
102
4
53
4
53
9
9
26
19
3
0
28
26
92
100
36
24
20
12
20
6
20
28
0
0
0
0
207
101
0
0
0
0
0
0
0
0
0
0
51
46
51
46
50
2
3
3
4
0
4
0
4
0
0
0
0
0
0
0
9
7
0
0
12
7
95
80
95
80
26
43
35
31
27
9
24
15
24
15
15
1
92
75
92
75
106
109
1
2
1
0
1
0
30
45
79
58
79
34
0
0
10
5
82
45
45
3
22
45
5
12
6
1
6
1
22
11
22
11
0
1
0
1
0
1
32
5
50
5
50
5
50
5
50
5
34
7
34
7
0
3
0
3
45
60
71
58
1
0
1
5
0
0
0
0
10
23
10
23
10
23
10
23
10
23
10
23
0
0
8
2
1
1
1
1
8
7
7
0
0
0
0
0
0
0
0
0
4
0
4
62
4
42
0
0
45
29
45
29
2
1
36
4
2
1
2
1
0
1
36
37
0
17
0
17
38
41
11
2
11
14
0
0
0
0
0
0
4
2
8
1
4
0
59
36
45
31
32
45
6
0
45
55
45
55
28
35
45
17
45
17
32
17
0
0
0
0
0
0
0
0
0
0
47
6
45
32
45
32
16
8
16
18
260
74
4
7
9
5
0
0
0
0
0
0
0
0
0
0
0
0
0
0
0
0
13
52
1
42
1
42
0
0
0
0
0
0
0
0
0
0
10
1
10
8
1
0
1
0
1
0
1
0
44
63
44
40
44
40
13
25
0
2
102
56
44
6
44
6
44
33
44
33
20
22
45
28
1
0
1
0
2
0
2
1
3
0
0
2
95
109
4
3
18
25
31
37
10
20
3
2
3
2
137
167
5
14
8
13
8
13
8
13
8
13
8
13
8
13
16
39
16
39
36
13
5
78
10
32
21
3
21
3
20
46
20
46
20
46
2
10
2
10
2
10
16
28
16
28
2
0
2
0
16
18
3
2
16
3
3
1
3
0
21
136
21
136
21
136
21
136
20
9
20
22
20
5
1
2
1
2
16
10
16
10
16
15
16
15
16
15
4
3
0
0
0
0
0
0
47
75
16
42
16
42
1
0
1
0
36
23
36
23
36
23
36
23
2
0
286
15
286
15
286
15
3
0
3
0
3
0
66
15
6
19
2
0
2
0
2
0
2
0
2
7
2
7
2
12
2
2
2
3
2
3
18
8
18
8
16
3
16
32
16
4
0
0
0
0
2
1
2
1
11
1
2
0
2
0
1
1
25
32
3
3
3
3
3
2
25
34
13
3
2
2
2
2
9
7
0
0
0
0
1
8
1
8
5
18
1
0
3
4
0
1
0
1
13
9
2
1
0
0
0
0
0
0
0
0
2
1
0
0
0
0
0
1
14
6
3
56
0
0
0
0
0
0
0
0
0
0
0
0
19
3
0
0
0
0
9
5
0
0
0
0
1
0
1
0
0
0
2
3
2
3
2
3
2
3
2
3
0
0
0
0
0
0
0
1
0
0
1
1
36
7
8
0
0
0
11
0
1
0
2
0
0
0
0
0
2
0
2
1
2
3
2
3
0
0
0
0
0
0
0
0
2
1
30
25
62
25
21
34
151
27
15
6
218
21
248
32
156
35
104
13
88
8
12
8
0
0
0
0
16
10
16
10
24
10
95
16
34
16
34
16
3
27
0
2
253
14
253
14
15
28
15
12
40
49
9
58
3
0
5
3
2
1
1
0
2
3
2
3
6
21
10
6
39
38
9
65
9
65
17
2
1
10
8
10
3
1
237
32
0
0
1
0
7
1
11
1
1
0
1
0
30
46
23
0
23
0
23
0
23
0
23
0
2
107
2
107
26
32
0
0
48
4
48
26
27
27
0
0
0
0
0
0
79
51
79
51
46
34
0
6
1
0
1
0
4
48
4
48
0
1
0
0
0
0
1
7
1
7
1
7
4
0
2
1
2
4
10
0
4
1
4
1
1
0
237
28
61
38
4
2
0
0
0
0
0
0
0
0
0
0
0
0
0
0
0
0
0
0
0
0
0
0
12
1
10
33
1
4
0
0
0
1
0
0
0
0
1
0
2
1
3
1
15
6
1
0
1
0
4
2
9
5
1
0
11
4
54
34
11
8
11
8
1
7
3
0
3
0
3
0
3
1
3
1
3
1
3
1
3
0
1
0
2
1
9
3
20
37
1
0
1
0
0
0
1
2
24
23
13
14
4
2
0
0
0
0
0
0
0
0
0
0
0
0
0
0
0
0
4
0
0
0
1
0
39
85
2
3
10
8
89
86
89
86
19
56
19
56
36
69
36
26
68
82
113
74
73
74
73
74
98
73
2
0
2
0
50
51
50
51
17
63
17
63
238
81
238
81
123
34
5
1
5
1
5
1
93
28
60
19
39
41
39
41
151
49
150
60
131
35
44
14
96
20
160
73
31
73
1
23
1
23
1
23
1
23
1
23
0
0
0
0
110
31
1
2
2
4
2
4
139
65
139
65
1
1
2
30
0
0
1
1
1
1
1
1
1
1
1
1
1
1
1
1
14
12
4
1
4
1
4
1
8
6
21
16
19
16
100
5
100
5
61
25
2
2
7
2
48
65
23
20
139
39
31
32
11
7
31
10
56
21
0
3
3
2
134
26
59
18
47
12
0
0
10
60
1
14
237
26
0
0
0
0
