74
80
2
2
31
18
31
18
2
2
2
2
2
2
31
10
2
2
28
37
28
37
14
12
2
2
37
47
17
26
6
3
17
46
17
46
17
46
2
2
2
2
39
39
12
10
12
12
12
12
2
4
2
2
24
20
24
20
24
20
24
20
24
20
52
77
8
5
8
5
25
37
2
5
7
4
7
4
7
4
31
51
31
51
45
51
30
43
4
4
4
4
24
19
24
19
24
6
24
6
24
6
24
6
24
6
24
6
4
4
4
4
24
19
24
19
12
11
12
11
7
7
10
10
10
10
10
10
10
10
10
10
12
12
45
74
14
14
14
14
14
14
14
14
14
14
14
14
14
14
2
2
61
63
46
79
2
2
10
8
31
47
31
47
61
64
39
40
6
10
10
8
10
8
10
10
6
8
6
8
4
4
2
2
4
4
7
7
96
50
96
50
41
50
41
50
41
50
25
20
25
20
61
29
61
29
4
4
4
4
10
8
10
8
2
3
10
8
10
8
4
5
43
81
4
4
2
2
2
2
8
8
8
8
5
2
4
4
4
4
61
30
61
30
26
12
26
12
26
15
2
2
8
42
4
4
4
4
2
2
4
8
6
5
6
5
8
8
8
8
8
8
8
8
2
2
10
6
10
6
10
6
10
6
10
6
10
6
52
87
52
87
29
45
6
4
3
2
3
2
2
2
10
10
10
10
2
2
1
1
5
4
7
7
2
2
20
4
2
2
3
4
41
36
41
36
5
8
5
8
14
13
14
13
39
38
46
87
10
7
10
7
40
77
52
70
52
70
25
25
25
25
7
5
25
2
2
2
18
13
13
11
5
5
6
4
5
6
2
2
77
78
19
16
28
16
28
16
6
6
3
2
6
7
6
6
3
3
23
16
15
14
15
14
15
18
11
15
5
5
11
13
11
13
2
2
17
10
53
19
6
5
4
4
4
4
4
7
37
32
37
32
7
16
7
16
7
16
7
11
3
2
2
2
37
31
2
4
6
22
12
28
12
12
12
12
12
12
12
7
2
2
10
11
10
9
10
9
12
7
4
4
4
4
2
2
6
5
4
4
4
4
4
4
4
4
2
3
6
2
2
2
6
7
6
7
9
4
5
3
5
3
5
3
3
3
4
4
4
4
2
2
4
4
4
4
12
11
12
11
50
79
50
79
3
2
14
10
14
10
4
4
4
4
10
4
8
6
6
4
21
19
21
19
2
2
21
16
21
16
2
2
12
12
12
12
4
4
6
5
6
5
4
4
2
2
10
8
11
8
6
6
9
9
10
5
6
15
6
15
6
15
2
2
2
2
22
22
22
22
22
22
22
22
22
22
22
22
22
22
22
22
22
22
22
22
22
22
6
2
3
3
2
2
6
6
6
6
2
2
6
6
2
2
2
2
4
2
8
8
8
8
8
8
8
8
2
2
4
8
4
4
2
2
10
8
10
8
10
8
10
8
3
3
4
4
4
4
7
7
7
7
7
7
7
7
7
7
7
7
7
7
14
14
14
12
14
11
14
11
14
10
2
2
2
2
10
8
10
8
2
4
2
6
11
32
6
11
4
14
4
14
4
14
4
14
30
32
30
32
14
7
10
13
31
32
31
32
31
32
28
30
15
16
7
19
10
12
28
28
31
28
4
4
2
2
2
10
2
3
4
2
19
26
19
26
4
4
4
4
17
27
16
15
4
8
4
8
4
4
4
4
11
12
9
40
9
40
6
6
6
6
2
4
2
3
6
16
2
2
18
19
15
17
15
17
5
3
6
2
12
8
12
8
12
8
12
8
12
8
12
8
12
8
12
8
12
12
12
12
4
4
4
4
4
4
4
4
2
2
2
2
2
2
2
2
4
4
4
4
4
4
4
4
18
17
28
29
11
11
4
5
4
5
4
4
4
4
9
9
2
2
6
5
6
5
6
4
2
2
10
12
2
2
24
25
2
2
6
7
6
7
6
7
12
7
3
4
2
2
12
11
12
11
12
11
12
11
12
11
3
3
3
3
3
3
2
2
9
9
9
9
9
9
14
13
14
13
2
2
37
74
37
74
2
7
4
4
4
4
62
66
61
66
9
6
9
6
6
4
6
4
6
4
6
4
2
6
8
15
4
4
4
6
6
5
6
5
2
12
4
4
4
4
2
10
5
3
5
3
5
3
5
3
5
3
5
3
30
25
30
25
2
2
2
2
2
2
2
2
5
4
5
4
2
2
2
2
4
4
4
4
5
4
5
4
7
10
4
4
5
3
3
2
5
5
3
3
3
3
12
8
12
8
59
18
59
18
59
18
39
3
39
3
9
10
12
11
36
6
17
9
17
9
4
4
4
4
2
2
9
6
7
8
7
3
6
2
2
2
2
2
24
4
2
2
36
13
17
17
8
6
9
11
10
12
4
4
4
6
2
2
4
4
2
2
4
4
9
3
9
3
9
3
2
2
9
7
9
7
2
2
2
2
6
6
5
8
2
2
5
4
5
4
5
4
4
4
2
2
4
4
2
2
4
4
25
3
25
3
25
3
3
6
9
9
9
8
9
8
9
8
17
7
20
20
20
20
20
20
20
20
20
20
20
20
20
20
20
20
20
20
20
20
8
8
8
8
8
8
8
8
2
3
2
3
2
2
2
2
2
4
10
10
10
10
10
10
10
10
10
10
2
2
11
14
11
14
11
14
11
14
2
2
4
2
8
8
8
16
8
8
14
39
14
39
14
30
2
2
2
2
2
2
12
12
21
17
21
17
11
7
11
7
11
7
2
2
2
3
5
2
5
2
4
3
30
7
30
7
30
7
30
7
2
2
50
50
22
26
29
25
14
9
14
6
14
6
14
6
14
6
14
6
14
6
30
25
15
35
15
35
15
14
22
24
22
24
14
12
14
12
14
12
14
12
14
12
14
12
27
31
2
2
22
28
80
74
14
10
25
52
14
14
41
12
41
12
22
16
22
16
10
5
14
12
14
12
25
30
2
2
30
30
30
30
25
21
13
25
12
9
2
2
3
3
2
2
14
14
14
14
14
14
14
14
14
14
14
14
14
14
2
11
3
2
4
4
8
8
4
4
30
28
15
7
32
31
4
4
32
31
8
8
7
8
7
8
7
8
7
8
7
8
11
11
11
11
11
7
11
7
11
7
11
7
11
7
11
7
11
7
11
4
2
2
11
5
11
5
2
2
2
2
7
7
7
7
7
7
7
7
7
7
7
7
7
7
4
3
4
3
4
4
4
4
2
2
2
2
13
8
13
8
13
8
13
8
13
8
13
8
13
8
13
8
3
3
3
3
2
2
4
4
4
4
12
12
12
12
12
12
12
12
12
12
12
12
2
2
4
4
4
4
4
4
13
12
13
12
35
32
6
8
4
4
4
4
8
8
8
8
64
63
64
63
4
5
4
5
8
8
14
11
13
3
12
13
75
74
6
2
18
16
18
6
18
17
4
4
4
4
4
23
10
10
10
10
10
10
10
10
10
10
14
23
14
23
34
2
2
2
3
3
3
3
3
3
21
3
21
3
21
3
2
3
4
4
4
4
64
52
64
52
2
4
4
5
4
4
8
4
8
4
2
2
75
39
75
39
39
74
2
2
4
4
4
4
14
15
9
10
9
9
4
4
5
2
68
44
6
5
11
6
2
2
6
6
6
6
6
6
6
6
4
4
4
4
2
2
2
2
11
8
11
8
11
8
11
8
4
4
4
4
4
4
4
4
6
9
3
4
2
2
2
5
4
4
4
4
12
16
12
16
12
16
12
16
12
16
12
16
2
2
4
3
4
4
4
4
2
2
6
2
6
6
6
6
8
8
8
8
8
2
5
12
4
6
2
2
15
11
15
11
6
6
13
4
6
6
6
6
2
5
13
14
4
4
4
4
37
35
4
4
4
4
3
3
3
3
3
3
2
2
2
2
2
2
15
5
21
17
14
21
9
2
21
41
21
41
26
12
21
23
21
23
25
23
10
10
10
10
10
10
10
10
10
10
14
5
21
31
21
31
7
4
7
4
61
19
5
3
4
2
3
5
2
2
17
7
13
6
13
6
13
6
13
8
13
8
5
22
4
34
4
34
17
8
14
7
17
9
13
8
2
2
7
4
7
7
4
4
4
4
4
4
4
4
14
27
14
22
14
22
2
4
2
2
84
33
14
15
14
15
14
18
14
18
6
5
25
27
4
4
4
4
4
3
4
3
2
2
2
2
5
6
2
2
2
2
2
9
4
4
8
8
8
8
25
46
2
2
12
12
12
12
12
12
12
12
12
12
12
12
4
5
4
5
3
2
2
8
3
3
14
4
14
4
16
13
16
13
16
13
21
7
21
7
21
7
9
13
9
13
4
4
4
4
14
13
4
4
14
12
5
8
4
4
13
30
13
30
13
30
13
30
16
13
16
13
16
13
4
4
4
4
14
16
14
16
14
5
14
5
14
5
2
2
2
2
4
4
4
4
3
6
9
15
9
15
2
2
2
2
12
18
12
18
12
18
12
18
2
2
39
3
39
3
39
3
5
4
5
4
5
4
13
2
5
5
21
6
21
6
21
6
21
6
21
20
21
20
6
4
9
8
9
7
9
7
8
4
8
4
6
6
6
6
6
6
5
4
5
4
21
13
21
13
8
4
6
10
6
10
23
16
8
8
8
7
8
7
8
9
8
12
3
2
7
7
7
7
10
7
2
2
2
2
8
10
8
10
3
2
2
2
8
8
4
4
4
4
2
2
9
6
18
12
18
18
18
16
18
16
15
10
18
17
18
17
18
14
2
6
2
9
4
4
4
4
4
4
4
4
4
4
4
4
8
6
4
4
4
4
10
5
18
16
18
16
2
2
2
2
15
2
16
5
16
5
16
5
16
5
16
5
2
2
4
4
4
4
2
2
2
2
8
6
19
6
5
2
2
2
2
2
2
2
15
15
4
4
4
4
2
2
15
15
15
13
15
13
2
2
2
2
4
4
4
4
15
14
4
5
27
18
23
28
11
5
6
6
10
9
10
7
7
7
4
3
4
3
6
7
4
4
4
4
11
6
11
6
26
12
28
25
31
25
31
25
6
21
2
4
11
12
11
12
13
14
13
7
6
5
6
34
2
2
2
2
2
2
2
2
4
4
4
4
2
7
5
4
6
6
6
30
6
30
3
2
2
2
6
2
2
2
18
18
2
2
4
4
3
3
3
3
4
4
2
2
13
14
5
5
5
5
5
5
5
5
5
5
5
67
5
67
4
9
2
2
10
8
10
11
2
2
3
3
3
3
3
3
27
28
27
28
4
4
2
2
8
7
8
7
13
28
13
28
4
4
4
4
4
4
6
7
6
7
6
7
13
10
2
2
2
5
2
2
13
10
13
10
8
8
18
17
50
27
13
12
11
7
21
15
21
15
12
5
12
5
2
2
12
8
9
5
11
5
11
5
21
19
2
3
6
8
2
2
2
2
4
4
4
4
4
4
2
2
2
2
2
2
6
6
4
4
4
4
2
2
2
2
2
2
3
3
26
25
4
4
4
4
2
2
12
12
12
12
12
12
12
4
12
4
12
4
12
4
12
12
2
2
2
2
2
2
11
12
5
4
5
4
2
2
4
4
12
3
2
2
2
2
7
7
7
7
7
7
7
7
7
7
7
7
7
7
2
2
2
2
2
2
4
4
6
35
15
11
2
2
21
23
21
23
14
39
14
39
13
17
13
16
25
52
44
57
27
57
27
57
60
27
4
4
4
4
32
46
32
46
7
19
7
19
27
25
27
25
9
10
5
3
5
3
5
3
8
8
7
5
5
4
5
4
5
5
11
9
5
4
5
5
6
7
78
77
37
77
23
7
23
7
23
7
23
7
23
7
2
2
2
2
14
14
6
3
9
9
9
9
17
46
17
46
2
2
9
14
2
2
23
23
23
23
23
23
23
23
23
23
23
23
23
23
11
9
15
6
15
6
15
6
7
5
8
8
14
10
19
22
19
22
13
10
2
2
2
4
42
51
9
7
17
21
11
20
3
3
2
2
6
6
2
2
3
3
13
15
3
3
2
2
2
2
2
33
3
9
18
16
4
4
4
4
