14.0093 pivots.0: autocorreladores
   autocorreladores 0
   autocorrelador 2
0: cayésemos
   cayésemos 0
   cayéremos 1
0: despachados
   despachados 0
   descachados 1
0: entrecavaras
   entrecavaras 0
   entrecavabas 1
0: envanecérnoslas
   envanecérnoslas 0
   envanecérnosla 1
0: falsificándomele
   falsificándomele 0
   falsificándomela 1
0: importantizarais
   importantizarais 0
   importantizabais 1
0: jarato
   jarato 0
   arato 1
0: liderárosle
   liderárosle 0
   liberárosle 1
0: nevosamente
   nevosamente 0
   nivosamente 1
0: rabilargos
   rabilargos 0
   rabilargas 1
0: recudiesen
   recudiesen 0
   recudieren 1
0: segregacionales
   segregacionales 0
   segregacional 2
0: simetrizarías
   simetrizarías 0
   simetrizaras 1
