14.0093 pivots.0: andamiare
   andamiare 0
   andamiaren 1
0: chamuscas
   chamuscas 0
   chamuscase 1
0: denerve
   denerve 0
   denerven 1
0: desimantándoselo
   desimantándoselo 0
   desimantándoselos 1
0: embriagándolas
   embriagándolas 0
   embriagándoles 1
0: ensopásemos
   ensopásemos 0
   ensotásemos 1
0: escorchapín
   escorchapín 0
   escorcharan 2
0: espelucaré
   espelucaré 0
   espeluscaré 1
0: fardadas
   fardadas 0
   fardados 1
0: militarizársela
   militarizársela 0
   militarizárselas 1
0: pajados
   pajados 0
   pajazos 1
0: pastándonosla
   pastándonosla 0
   pastándonoslas 1
0: perorarnos
   perorarnos 0
   peroraros 1
0: simetrizarías
   simetrizarías 0
   simetrizas 3
