10 á
ábac
#distance 1: 1
#distance 2: 30
#vowels: 2
accent: yes
#[b.v]: 1;  #[g,j]: 0;  #[h]: 0;  #[s,z,ce,ci,x]: 0;  #[y]: 0;  #[r,s,l]: 0;  #[m,n,ñ]: 0;  #[ca,co,cu,q,k]: 0;  #[b,d]: 0;
###########################################################################################################################

martí
#distance 1: 7
#distance 2: 124
#vowels: 2
accent: yes
#[b.v]: 0;  #[g,j]: 0;  #[h]: 0;  #[s,z,ce,ci,x]: 0;  #[y]: 0;  #[r,s,l]: 1;  #[m,n,ñ]: 1;  #[ca,co,cu,q,k]: 0;  #[b,d]: 0;
###########################################################################################################################

tu
#distance 1: 21
#distance 2: 316
#vowels: 1
accent: no
#[b.v]: 0;  #[g,j]: 0;  #[h]: 0;  #[s,z,ce,ci,x]: 0;  #[y]: 0;  #[r,s,l]: 0;  #[m,n,ñ]: 0;  #[ca,co,cu,q,k]: 0;  #[b,d]: 0;
###########################################################################################################################

test
#distance 1: 16
#distance 2: 242
#vowels: 1
accent: no
#[b.v]: 0;  #[g,j]: 0;  #[h]: 0;  #[s,z,ce,ci,x]: 1;  #[y]: 0;  #[r,s,l]: 0;  #[m,n,ñ]: 0;  #[ca,co,cu,q,k]: 0;  #[b,d]: 0;
###########################################################################################################################

mañana
#distance 1: 6
#distance 2: 198
#vowels: 3
accent: no
#[b.v]: 0;  #[g,j]: 0;  #[h]: 0;  #[s,z,ce,ci,x]: 0;  #[y]: 0;  #[r,s,l]: 0;  #[m,n,ñ]: 3;  #[ca,co,cu,q,k]: 0;  #[b,d]: 0;
###########################################################################################################################

ceceo
#distance 1: 11
#distance 2: 264
#vowels: 3
accent: no
#[b.v]: 0;  #[g,j]: 0;  #[h]: 0;  #[s,z,ce,ci,x]: 2;  #[y]: 0;  #[r,s,l]: 0;  #[m,n,ñ]: 0;  #[ca,co,cu,q,k]: 0;  #[b,d]: 0;
###########################################################################################################################

cacique
#distance 1: 8
#distance 2: 43
#vowels: 4
accent: no
#[b.v]: 0;  #[g,j]: 0;  #[h]: 0;  #[s,z,ce,ci,x]: 1;  #[y]: 0;  #[r,s,l]: 0;  #[m,n,ñ]: 0;  #[ca,co,cu,q,k]: 2;  #[b,d]: 0;
###########################################################################################################################

